0 info it worked if it ends with ok
1 verbose cli [ 'C:\\Program Files\\nodejs\\node.exe',
1 verbose cli   'C:\\Program Files\\nodejs\\node_modules\\npm\\bin\\npm-cli.js',
1 verbose cli   'run',
1 verbose cli   'server' ]
2 info using npm@4.0.5
3 info using node@v7.4.0
4 verbose run-script [ 'preserver', 'server', 'postserver' ]
5 info lifecycle lab06-sockets@1.0.0~preserver: lab06-sockets@1.0.0
6 silly lifecycle lab06-sockets@1.0.0~preserver: no script for preserver, continuing
7 info lifecycle lab06-sockets@1.0.0~server: lab06-sockets@1.0.0
8 verbose lifecycle lab06-sockets@1.0.0~server: unsafe-perm in lifecycle true
9 verbose lifecycle lab06-sockets@1.0.0~server: PATH: C:\Program Files\nodejs\node_modules\npm\bin\node-gyp-bin;D:\INFO\498\labs\lab06-sockets\node_modules\.bin;C:\Users\Troy\Downloads\cmder (1)\bin;C:\Users\Troy\Downloads\cmder (1)\vendor\git-for-windows\cmd;C:\Users\Troy\Downloads\cmder (1)\vendor\conemu-maximus5\ConEmu\Scripts;C:\Users\Troy\Downloads\cmder (1)\vendor\conemu-maximus5;C:\Users\Troy\Downloads\cmder (1)\vendor\conemu-maximus5\ConEmu;C:\Program Files (x86)\NVIDIA Corporation\PhysX\Common;C:\WINDOWS\system32;C:\WINDOWS;C:\WINDOWS\System32\Wbem;C:\WINDOWS\System32\WindowsPowerShell\v1.0\;C:\Program Files\nodejs\;C:\Program Files\MySQL\MySQL Utilities 1.6\;C:\Program Files\Microsoft SQL Server\130\Tools\Binn\;C:\Program Files\Microsoft SQL Server\120\Tools\Binn\;C:\Program Files (x86)\Windows Kits\10\Windows Performance Toolkit\;C:\Program Files\Microsoft\Web Platform Installer\;C:\Program Files\dotnet\;C:\Program Files (x86)\NVIDIA Corporation\PhysX\Common;C:\WINDOWS\system32;C:\WINDOWS;C:\WINDOWS\System32\Wbem;C:\WINDOWS\System32\WindowsPowerShell\v1.0\;C:\Program Files\nodejs\;C:\Program Files\MySQL\MySQL Utilities 1.6\;C:\Program Files\Microsoft SQL Server\130\Tools\Binn\;C:\Users\Troy\.dnx\bin;C:\Program Files\Microsoft DNX\Dnvm\;C:\Program Files\Microsoft SQL Server\120\Tools\Binn\;C:\Program Files (x86)\Windows Kits\10\Windows Performance Toolkit\;C:\Program Files (x86)\NVIDIA Corporation\PhysX\Common;C:\WINDOWS\system32;C:\WINDOWS;C:\WINDOWS\System32\Wbem;C:\WINDOWS\System32\WindowsPowerShell\v1.0\;C:\Program Files\nodejs\;C:\Program Files\MySQL\MySQL Utilities 1.6\;C:\Program Files\Microsoft SQL Server\130\Tools\Binn\;C:\Users\Troy\.dnx\bin;C:\Program Files\Microsoft DNX\Dnvm\;C:\Program Files\Microsoft SQL Server\120\Tools\Binn\;C:\Program Files (x86)\Windows Kits\10\Windows Performance Toolkit\;C:\Program Files (x86)\NVIDIA Corporation\PhysX\Common;C:\WINDOWS\system32;C:\WINDOWS;C:\WINDOWS\System32\Wbem;C:\WINDOWS\System32\WindowsPowerShell\v1.0\;C:\Program Files\nodejs\;C:\Program Files\MySQL\MySQL Utilities 1.6\;C:\Program Files\Microsoft SQL Server\130\Tools\Binn\;C:\WINDOWS\system32\config\systemprofile\.dnx\bin;C:\Program Files\Microsoft DNX\Dnvm\;C:\Program Files\Microsoft SQL Server\120\Tools\Binn\;C:\Program Files (x86)\Windows Kits\10\Windows Performance Toolkit\;C:\Users\Troy\AppData\Local\Programs\Python\Python35-32\Scripts\;C:\Users\Troy\AppData\Local\Programs\Python\Python35-32\;C:\Users\Troy\AppData\Local\Microsoft\WindowsApps;C:\Users\Troy\AppData\Local\atom\bin;C:\Users\Troy\AppData\Roaming\npm;C:\Program Files\MySQL\MySQL Utilities 1.6\;D:\Programs\Microsoft VS Code\bin;C:\Python27\;C:\Python 3.5\Scripts\;C:\Python 3.5\;C:\Python 3.5\Scripts\;C:\Python27\;C:\Python27\Scripts\;C:\Users\Troy\Downloads\cmder (1)\vendor\git-for-windows\usr\bin;C:\Users\Troy\Downloads\cmder (1)\vendor\git-for-windows\usr\share\vim\vim74;C:\Users\Troy\Downloads\cmder (1)\
10 verbose lifecycle lab06-sockets@1.0.0~server: CWD: D:\INFO\498\labs\lab06-sockets
11 silly lifecycle lab06-sockets@1.0.0~server: Args: [ '/d /s /c', 'node build/server.js' ]
12 silly lifecycle lab06-sockets@1.0.0~server: Returned: code: 1  signal: null
13 info lifecycle lab06-sockets@1.0.0~server: Failed to exec server script
14 verbose stack Error: lab06-sockets@1.0.0 server: `node build/server.js`
14 verbose stack Exit status 1
14 verbose stack     at EventEmitter.<anonymous> (C:\Program Files\nodejs\node_modules\npm\lib\utils\lifecycle.js:279:16)
14 verbose stack     at emitTwo (events.js:106:13)
14 verbose stack     at EventEmitter.emit (events.js:191:7)
14 verbose stack     at ChildProcess.<anonymous> (C:\Program Files\nodejs\node_modules\npm\lib\utils\spawn.js:40:14)
14 verbose stack     at emitTwo (events.js:106:13)
14 verbose stack     at ChildProcess.emit (events.js:191:7)
14 verbose stack     at maybeClose (internal/child_process.js:885:16)
14 verbose stack     at Process.ChildProcess._handle.onexit (internal/child_process.js:226:5)
15 verbose pkgid lab06-sockets@1.0.0
16 verbose cwd D:\INFO\498\labs\lab06-sockets
17 error Windows_NT 10.0.14393
18 error argv "C:\\Program Files\\nodejs\\node.exe" "C:\\Program Files\\nodejs\\node_modules\\npm\\bin\\npm-cli.js" "run" "server"
19 error node v7.4.0
20 error npm  v4.0.5
21 error code ELIFECYCLE
22 error lab06-sockets@1.0.0 server: `node build/server.js`
22 error Exit status 1
23 error Failed at the lab06-sockets@1.0.0 server script 'node build/server.js'.
23 error Make sure you have the latest version of node.js and npm installed.
23 error If you do, this is most likely a problem with the lab06-sockets package,
23 error not with npm itself.
23 error Tell the author that this fails on your system:
23 error     node build/server.js
23 error You can get information on how to open an issue for this project with:
23 error     npm bugs lab06-sockets
23 error Or if that isn't available, you can get their info via:
23 error     npm owner ls lab06-sockets
23 error There is likely additional logging output above.
24 verbose exit [ 1, true ]
